<?xml version="1.0" encoding="UTF-8"?>
<testng-results ignored="0" total="4" passed="4" failed="0" skipped="0">
  <reporter-output>
  </reporter-output>
  <suite started-at="2025-05-26T13:54:19 IST" name="Default suite" finished-at="2025-05-26T13:54:19 IST" duration-ms="101">
    <groups>
      <group name="smoke">
        <method signature="GoupTestInTestng.smoke()[pri:0, instance:Grouping.GoupTestInTestng@6973b51b]" name="smoke" class="Grouping.GoupTestInTestng"/>
      </group> <!-- smoke -->
      <group name="Regression">
        <method signature="GoupTestInTestng.regression()[pri:0, instance:Grouping.GoupTestInTestng@6973b51b]" name="regression" class="Grouping.GoupTestInTestng"/>
      </group> <!-- Regression -->
      <group name="sanity">
        <method signature="GoupTestInTestng.sanity()[pri:0, instance:Grouping.GoupTestInTestng@6973b51b]" name="sanity" class="Grouping.GoupTestInTestng"/>
      </group> <!-- sanity -->
      <group name="endToEnd">
        <method signature="GoupTestInTestng.endToEnd()[pri:0, instance:Grouping.GoupTestInTestng@6973b51b]" name="endToEnd" class="Grouping.GoupTestInTestng"/>
      </group> <!-- endToEnd -->
    </groups>
    <test started-at="2025-05-26T13:54:19 IST" name="Default test" finished-at="2025-05-26T13:54:19 IST" duration-ms="101">
      <class name="Grouping.GoupTestInTestng">
        <test-method signature="endToEnd()[pri:0, instance:Grouping.GoupTestInTestng@6973b51b]" started-at="2025-05-26T13:54:19 IST" name="endToEnd" finished-at="2025-05-26T13:54:19 IST" duration-ms="20" status="PASS">
          <reporter-output>
          </reporter-output>
        </test-method> <!-- endToEnd -->
        <test-method signature="regression()[pri:0, instance:Grouping.GoupTestInTestng@6973b51b]" started-at="2025-05-26T13:54:19 IST" name="regression" finished-at="2025-05-26T13:54:19 IST" duration-ms="2" status="PASS">
          <reporter-output>
          </reporter-output>
        </test-method> <!-- regression -->
        <test-method signature="sanity()[pri:0, instance:Grouping.GoupTestInTestng@6973b51b]" started-at="2025-05-26T13:54:19 IST" name="sanity" finished-at="2025-05-26T13:54:19 IST" duration-ms="2" status="PASS">
          <reporter-output>
          </reporter-output>
        </test-method> <!-- sanity -->
        <test-method signature="smoke()[pri:0, instance:Grouping.GoupTestInTestng@6973b51b]" started-at="2025-05-26T13:54:19 IST" name="smoke" finished-at="2025-05-26T13:54:19 IST" duration-ms="3" status="PASS">
          <reporter-output>
          </reporter-output>
        </test-method> <!-- smoke -->
      </class> <!-- Grouping.GoupTestInTestng -->
    </test> <!-- Default test -->
  </suite> <!-- Default suite -->
</testng-results>
