<?xml version="1.0" encoding="UTF-8"?>
<!-- Generated by org.testng.reporters.JUnitXMLReporter -->
<testsuite ignored="0" hostname="DESKTOP-S0OMM8K" failures="0" tests="4" name="Default test" time="15.055" errors="0" timestamp="2025-05-01T09:53:25 IST">
  <testcase classname="DataProvider.Exmple1" name="createFBAccount" time="1.366"/>
  <testcase classname="DataProvider.Exmple1" name="createFBAccount" time="1.281"/>
  <testcase classname="DataProvider.Exmple1" name="createFBAccount" time="1.301"/>
  <testcase classname="DataProvider.Exmple1" name="createFBAccount" time="1.537"/>
</testsuite> <!-- Default test -->
