<?xml version="1.0" encoding="UTF-8"?>
<!-- Generated by org.testng.reporters.JUnitXMLReporter -->
<testsuite ignored="0" hostname="DESKTOP-S0OMM8K" failures="0" tests="4" name="Default test" time="0.101" errors="0" timestamp="2025-05-26T13:54:19 IST">
  <testcase classname="Grouping.GoupTestInTestng" name="endToEnd" time="0.02"/>
  <testcase classname="Grouping.GoupTestInTestng" name="regression" time="0.002"/>
  <testcase classname="Grouping.GoupTestInTestng" name="sanity" time="0.002"/>
  <testcase classname="Grouping.GoupTestInTestng" name="smoke" time="0.003"/>
</testsuite> <!-- Default test -->
